[2020-10-23 23:50:56,081] {scheduler_job.py:154} INFO - Started process (PID=3855) to work on /home/dakindre/airflow/dags/zoho.py
[2020-10-23 23:50:56,083] {scheduler_job.py:1589} INFO - Processing file /home/dakindre/airflow/dags/zoho.py for tasks to queue
[2020-10-23 23:50:56,084] {logging_mixin.py:112} INFO - [2020-10-23 23:50:56,084] {dagbag.py:417} INFO - Filling up the DagBag from /home/dakindre/airflow/dags/zoho.py
[2020-10-23 23:50:56,091] {scheduler_job.py:1601} INFO - DAG(s) dict_keys(['zoho']) retrieved from /home/dakindre/airflow/dags/zoho.py
[2020-10-23 23:50:56,106] {logging_mixin.py:112} INFO - [2020-10-23 23:50:56,106] {dag.py:1520} INFO - Creating ORM DAG for zoho
[2020-10-23 23:50:56,143] {scheduler_job.py:162} INFO - Processing /home/dakindre/airflow/dags/zoho.py took 0.062 seconds
[2020-10-23 23:52:21,307] {scheduler_job.py:154} INFO - Started process (PID=3888) to work on /home/dakindre/airflow/dags/zoho.py
[2020-10-23 23:52:21,310] {scheduler_job.py:1589} INFO - Processing file /home/dakindre/airflow/dags/zoho.py for tasks to queue
[2020-10-23 23:52:21,310] {logging_mixin.py:112} INFO - [2020-10-23 23:52:21,310] {dagbag.py:417} INFO - Filling up the DagBag from /home/dakindre/airflow/dags/zoho.py
[2020-10-23 23:52:21,315] {scheduler_job.py:1601} INFO - DAG(s) dict_keys(['zoho']) retrieved from /home/dakindre/airflow/dags/zoho.py
[2020-10-23 23:52:21,355] {scheduler_job.py:162} INFO - Processing /home/dakindre/airflow/dags/zoho.py took 0.048 seconds
[2020-10-23 23:53:13,365] {scheduler_job.py:154} INFO - Started process (PID=3914) to work on /home/dakindre/airflow/dags/zoho.py
[2020-10-23 23:53:13,369] {scheduler_job.py:1589} INFO - Processing file /home/dakindre/airflow/dags/zoho.py for tasks to queue
[2020-10-23 23:53:13,369] {logging_mixin.py:112} INFO - [2020-10-23 23:53:13,369] {dagbag.py:417} INFO - Filling up the DagBag from /home/dakindre/airflow/dags/zoho.py
[2020-10-23 23:53:13,376] {scheduler_job.py:1601} INFO - DAG(s) dict_keys(['zoho']) retrieved from /home/dakindre/airflow/dags/zoho.py
[2020-10-23 23:53:13,423] {scheduler_job.py:162} INFO - Processing /home/dakindre/airflow/dags/zoho.py took 0.058 seconds
[2020-10-23 23:54:05,430] {scheduler_job.py:154} INFO - Started process (PID=3978) to work on /home/dakindre/airflow/dags/zoho.py
[2020-10-23 23:54:05,433] {scheduler_job.py:1589} INFO - Processing file /home/dakindre/airflow/dags/zoho.py for tasks to queue
[2020-10-23 23:54:05,434] {logging_mixin.py:112} INFO - [2020-10-23 23:54:05,434] {dagbag.py:417} INFO - Filling up the DagBag from /home/dakindre/airflow/dags/zoho.py
[2020-10-23 23:54:05,439] {scheduler_job.py:1601} INFO - DAG(s) dict_keys(['zoho']) retrieved from /home/dakindre/airflow/dags/zoho.py
[2020-10-23 23:54:05,484] {scheduler_job.py:162} INFO - Processing /home/dakindre/airflow/dags/zoho.py took 0.054 seconds
[2020-10-23 23:54:57,550] {scheduler_job.py:154} INFO - Started process (PID=4031) to work on /home/dakindre/airflow/dags/zoho.py
[2020-10-23 23:54:57,552] {scheduler_job.py:1589} INFO - Processing file /home/dakindre/airflow/dags/zoho.py for tasks to queue
[2020-10-23 23:54:57,552] {logging_mixin.py:112} INFO - [2020-10-23 23:54:57,552] {dagbag.py:417} INFO - Filling up the DagBag from /home/dakindre/airflow/dags/zoho.py
[2020-10-23 23:54:57,557] {scheduler_job.py:1601} INFO - DAG(s) dict_keys(['zoho']) retrieved from /home/dakindre/airflow/dags/zoho.py
[2020-10-23 23:54:57,595] {scheduler_job.py:162} INFO - Processing /home/dakindre/airflow/dags/zoho.py took 0.046 seconds
[2020-10-23 23:55:49,569] {scheduler_job.py:154} INFO - Started process (PID=4094) to work on /home/dakindre/airflow/dags/zoho.py
[2020-10-23 23:55:49,572] {scheduler_job.py:1589} INFO - Processing file /home/dakindre/airflow/dags/zoho.py for tasks to queue
[2020-10-23 23:55:49,573] {logging_mixin.py:112} INFO - [2020-10-23 23:55:49,573] {dagbag.py:417} INFO - Filling up the DagBag from /home/dakindre/airflow/dags/zoho.py
[2020-10-23 23:55:49,579] {scheduler_job.py:1601} INFO - DAG(s) dict_keys(['zoho']) retrieved from /home/dakindre/airflow/dags/zoho.py
[2020-10-23 23:55:49,650] {scheduler_job.py:162} INFO - Processing /home/dakindre/airflow/dags/zoho.py took 0.081 seconds
[2020-10-23 23:56:41,661] {scheduler_job.py:154} INFO - Started process (PID=4183) to work on /home/dakindre/airflow/dags/zoho.py
[2020-10-23 23:56:41,667] {scheduler_job.py:1589} INFO - Processing file /home/dakindre/airflow/dags/zoho.py for tasks to queue
[2020-10-23 23:56:41,668] {logging_mixin.py:112} INFO - [2020-10-23 23:56:41,668] {dagbag.py:417} INFO - Filling up the DagBag from /home/dakindre/airflow/dags/zoho.py
[2020-10-23 23:56:41,677] {scheduler_job.py:1601} INFO - DAG(s) dict_keys(['zoho']) retrieved from /home/dakindre/airflow/dags/zoho.py
[2020-10-23 23:56:41,730] {scheduler_job.py:162} INFO - Processing /home/dakindre/airflow/dags/zoho.py took 0.070 seconds
[2020-10-23 23:57:33,745] {scheduler_job.py:154} INFO - Started process (PID=4228) to work on /home/dakindre/airflow/dags/zoho.py
[2020-10-23 23:57:33,750] {scheduler_job.py:1589} INFO - Processing file /home/dakindre/airflow/dags/zoho.py for tasks to queue
[2020-10-23 23:57:33,754] {logging_mixin.py:112} INFO - [2020-10-23 23:57:33,750] {dagbag.py:417} INFO - Filling up the DagBag from /home/dakindre/airflow/dags/zoho.py
[2020-10-23 23:57:33,760] {scheduler_job.py:1601} INFO - DAG(s) dict_keys(['zoho']) retrieved from /home/dakindre/airflow/dags/zoho.py
[2020-10-23 23:57:33,804] {scheduler_job.py:162} INFO - Processing /home/dakindre/airflow/dags/zoho.py took 0.058 seconds
[2020-10-23 23:58:25,769] {scheduler_job.py:154} INFO - Started process (PID=4337) to work on /home/dakindre/airflow/dags/zoho.py
[2020-10-23 23:58:25,776] {scheduler_job.py:1589} INFO - Processing file /home/dakindre/airflow/dags/zoho.py for tasks to queue
[2020-10-23 23:58:25,777] {logging_mixin.py:112} INFO - [2020-10-23 23:58:25,777] {dagbag.py:417} INFO - Filling up the DagBag from /home/dakindre/airflow/dags/zoho.py
[2020-10-23 23:58:25,786] {logging_mixin.py:112} INFO - [2020-10-23 23:58:25,785] {dagbag.py:259} ERROR - Failed to import: /home/dakindre/airflow/dags/zoho.py
Traceback (most recent call last):
  File "/home/dakindre/anaconda3/lib/python3.8/site-packages/airflow/models/dagbag.py", line 256, in process_file
    m = imp.load_source(mod_name, filepath)
  File "/home/dakindre/anaconda3/lib/python3.8/imp.py", line 171, in load_source
    module = _load(spec)
  File "<frozen importlib._bootstrap>", line 702, in _load
  File "<frozen importlib._bootstrap>", line 671, in _load_unlocked
  File "<frozen importlib._bootstrap_external>", line 783, in exec_module
  File "<frozen importlib._bootstrap>", line 219, in _call_with_frames_removed
  File "/home/dakindre/airflow/dags/zoho.py", line 85, in <module>
    python_callable=my_sleeping_function,
NameError: name 'my_sleeping_function' is not defined
[2020-10-23 23:58:25,786] {scheduler_job.py:1603} WARNING - No viable dags retrieved from /home/dakindre/airflow/dags/zoho.py
[2020-10-23 23:58:25,818] {scheduler_job.py:162} INFO - Processing /home/dakindre/airflow/dags/zoho.py took 0.049 seconds
[2020-10-23 23:59:17,847] {scheduler_job.py:154} INFO - Started process (PID=4444) to work on /home/dakindre/airflow/dags/zoho.py
[2020-10-23 23:59:17,851] {scheduler_job.py:1589} INFO - Processing file /home/dakindre/airflow/dags/zoho.py for tasks to queue
[2020-10-23 23:59:17,851] {logging_mixin.py:112} INFO - [2020-10-23 23:59:17,851] {dagbag.py:417} INFO - Filling up the DagBag from /home/dakindre/airflow/dags/zoho.py
[2020-10-23 23:59:17,862] {logging_mixin.py:112} INFO - [2020-10-23 23:59:17,861] {dagbag.py:259} ERROR - Failed to import: /home/dakindre/airflow/dags/zoho.py
Traceback (most recent call last):
  File "/home/dakindre/anaconda3/lib/python3.8/site-packages/airflow/models/dagbag.py", line 256, in process_file
    m = imp.load_source(mod_name, filepath)
  File "/home/dakindre/anaconda3/lib/python3.8/imp.py", line 171, in load_source
    module = _load(spec)
  File "<frozen importlib._bootstrap>", line 702, in _load
  File "<frozen importlib._bootstrap>", line 671, in _load_unlocked
  File "<frozen importlib._bootstrap_external>", line 783, in exec_module
  File "<frozen importlib._bootstrap>", line 219, in _call_with_frames_removed
  File "/home/dakindre/airflow/dags/zoho.py", line 87, in <module>
    op_kwargs={'random_base': float(i) / 10},
NameError: name 'i' is not defined
[2020-10-23 23:59:17,862] {scheduler_job.py:1603} WARNING - No viable dags retrieved from /home/dakindre/airflow/dags/zoho.py
[2020-10-23 23:59:17,907] {scheduler_job.py:162} INFO - Processing /home/dakindre/airflow/dags/zoho.py took 0.060 seconds
[2020-10-24 00:00:09,958] {scheduler_job.py:154} INFO - Started process (PID=4521) to work on /home/dakindre/airflow/dags/zoho.py
[2020-10-24 00:00:09,961] {scheduler_job.py:1589} INFO - Processing file /home/dakindre/airflow/dags/zoho.py for tasks to queue
[2020-10-24 00:00:09,962] {logging_mixin.py:112} INFO - [2020-10-24 00:00:09,962] {dagbag.py:417} INFO - Filling up the DagBag from /home/dakindre/airflow/dags/zoho.py
[2020-10-24 00:00:09,972] {logging_mixin.py:112} INFO - [2020-10-24 00:00:09,971] {dagbag.py:259} ERROR - Failed to import: /home/dakindre/airflow/dags/zoho.py
Traceback (most recent call last):
  File "/home/dakindre/anaconda3/lib/python3.8/site-packages/airflow/models/dagbag.py", line 256, in process_file
    m = imp.load_source(mod_name, filepath)
  File "/home/dakindre/anaconda3/lib/python3.8/imp.py", line 171, in load_source
    module = _load(spec)
  File "<frozen importlib._bootstrap>", line 702, in _load
  File "<frozen importlib._bootstrap>", line 671, in _load_unlocked
  File "<frozen importlib._bootstrap_external>", line 783, in exec_module
  File "<frozen importlib._bootstrap>", line 219, in _call_with_frames_removed
  File "/home/dakindre/airflow/dags/zoho.py", line 87, in <module>
    op_kwargs={'random_base': float(i) / 10},
NameError: name 'i' is not defined
[2020-10-24 00:00:09,972] {scheduler_job.py:1603} WARNING - No viable dags retrieved from /home/dakindre/airflow/dags/zoho.py
[2020-10-24 00:00:10,001] {scheduler_job.py:162} INFO - Processing /home/dakindre/airflow/dags/zoho.py took 0.043 seconds
[2020-10-24 00:01:01,977] {scheduler_job.py:154} INFO - Started process (PID=4605) to work on /home/dakindre/airflow/dags/zoho.py
[2020-10-24 00:01:01,981] {scheduler_job.py:1589} INFO - Processing file /home/dakindre/airflow/dags/zoho.py for tasks to queue
[2020-10-24 00:01:01,982] {logging_mixin.py:112} INFO - [2020-10-24 00:01:01,981] {dagbag.py:417} INFO - Filling up the DagBag from /home/dakindre/airflow/dags/zoho.py
[2020-10-24 00:01:01,988] {logging_mixin.py:112} INFO - [2020-10-24 00:01:01,987] {dagbag.py:259} ERROR - Failed to import: /home/dakindre/airflow/dags/zoho.py
Traceback (most recent call last):
  File "/home/dakindre/anaconda3/lib/python3.8/site-packages/airflow/models/dagbag.py", line 256, in process_file
    m = imp.load_source(mod_name, filepath)
  File "/home/dakindre/anaconda3/lib/python3.8/imp.py", line 171, in load_source
    module = _load(spec)
  File "<frozen importlib._bootstrap>", line 702, in _load
  File "<frozen importlib._bootstrap>", line 671, in _load_unlocked
  File "<frozen importlib._bootstrap_external>", line 783, in exec_module
  File "<frozen importlib._bootstrap>", line 219, in _call_with_frames_removed
  File "/home/dakindre/airflow/dags/zoho.py", line 87, in <module>
    op_kwargs={'random_base': float(i) / 10},
NameError: name 'i' is not defined
[2020-10-24 00:01:01,988] {scheduler_job.py:1603} WARNING - No viable dags retrieved from /home/dakindre/airflow/dags/zoho.py
[2020-10-24 00:01:02,018] {scheduler_job.py:162} INFO - Processing /home/dakindre/airflow/dags/zoho.py took 0.041 seconds
[2020-10-24 00:01:54,036] {scheduler_job.py:154} INFO - Started process (PID=4697) to work on /home/dakindre/airflow/dags/zoho.py
[2020-10-24 00:01:54,039] {scheduler_job.py:1589} INFO - Processing file /home/dakindre/airflow/dags/zoho.py for tasks to queue
[2020-10-24 00:01:54,040] {logging_mixin.py:112} INFO - [2020-10-24 00:01:54,039] {dagbag.py:417} INFO - Filling up the DagBag from /home/dakindre/airflow/dags/zoho.py
[2020-10-24 00:01:54,049] {scheduler_job.py:1601} INFO - DAG(s) dict_keys(['zoho']) retrieved from /home/dakindre/airflow/dags/zoho.py
[2020-10-24 00:01:54,107] {scheduler_job.py:162} INFO - Processing /home/dakindre/airflow/dags/zoho.py took 0.071 seconds
[2020-10-24 00:02:46,154] {scheduler_job.py:154} INFO - Started process (PID=4726) to work on /home/dakindre/airflow/dags/zoho.py
[2020-10-24 00:02:46,158] {scheduler_job.py:1589} INFO - Processing file /home/dakindre/airflow/dags/zoho.py for tasks to queue
[2020-10-24 00:02:46,159] {logging_mixin.py:112} INFO - [2020-10-24 00:02:46,159] {dagbag.py:417} INFO - Filling up the DagBag from /home/dakindre/airflow/dags/zoho.py
[2020-10-24 00:02:46,166] {scheduler_job.py:1601} INFO - DAG(s) dict_keys(['zoho']) retrieved from /home/dakindre/airflow/dags/zoho.py
[2020-10-24 00:02:46,206] {scheduler_job.py:162} INFO - Processing /home/dakindre/airflow/dags/zoho.py took 0.052 seconds
[2020-10-24 00:03:38,193] {scheduler_job.py:154} INFO - Started process (PID=4790) to work on /home/dakindre/airflow/dags/zoho.py
[2020-10-24 00:03:38,198] {scheduler_job.py:1589} INFO - Processing file /home/dakindre/airflow/dags/zoho.py for tasks to queue
[2020-10-24 00:03:38,198] {logging_mixin.py:112} INFO - [2020-10-24 00:03:38,198] {dagbag.py:417} INFO - Filling up the DagBag from /home/dakindre/airflow/dags/zoho.py
[2020-10-24 00:03:38,205] {scheduler_job.py:1601} INFO - DAG(s) dict_keys(['zoho']) retrieved from /home/dakindre/airflow/dags/zoho.py
[2020-10-24 00:03:38,256] {scheduler_job.py:162} INFO - Processing /home/dakindre/airflow/dags/zoho.py took 0.063 seconds
[2020-10-24 00:04:30,249] {scheduler_job.py:154} INFO - Started process (PID=4855) to work on /home/dakindre/airflow/dags/zoho.py
[2020-10-24 00:04:30,252] {scheduler_job.py:1589} INFO - Processing file /home/dakindre/airflow/dags/zoho.py for tasks to queue
[2020-10-24 00:04:30,253] {logging_mixin.py:112} INFO - [2020-10-24 00:04:30,253] {dagbag.py:417} INFO - Filling up the DagBag from /home/dakindre/airflow/dags/zoho.py
[2020-10-24 00:04:30,258] {scheduler_job.py:1601} INFO - DAG(s) dict_keys(['zoho']) retrieved from /home/dakindre/airflow/dags/zoho.py
[2020-10-24 00:04:30,297] {scheduler_job.py:162} INFO - Processing /home/dakindre/airflow/dags/zoho.py took 0.048 seconds
[2020-10-24 00:05:22,366] {scheduler_job.py:154} INFO - Started process (PID=4905) to work on /home/dakindre/airflow/dags/zoho.py
[2020-10-24 00:05:22,369] {scheduler_job.py:1589} INFO - Processing file /home/dakindre/airflow/dags/zoho.py for tasks to queue
[2020-10-24 00:05:22,369] {logging_mixin.py:112} INFO - [2020-10-24 00:05:22,369] {dagbag.py:417} INFO - Filling up the DagBag from /home/dakindre/airflow/dags/zoho.py
[2020-10-24 00:05:22,374] {scheduler_job.py:1601} INFO - DAG(s) dict_keys(['zoho']) retrieved from /home/dakindre/airflow/dags/zoho.py
[2020-10-24 00:05:22,410] {scheduler_job.py:162} INFO - Processing /home/dakindre/airflow/dags/zoho.py took 0.043 seconds
[2020-10-24 00:06:14,391] {scheduler_job.py:154} INFO - Started process (PID=4953) to work on /home/dakindre/airflow/dags/zoho.py
[2020-10-24 00:06:14,395] {scheduler_job.py:1589} INFO - Processing file /home/dakindre/airflow/dags/zoho.py for tasks to queue
[2020-10-24 00:06:14,395] {logging_mixin.py:112} INFO - [2020-10-24 00:06:14,395] {dagbag.py:417} INFO - Filling up the DagBag from /home/dakindre/airflow/dags/zoho.py
[2020-10-24 00:06:14,402] {scheduler_job.py:1601} INFO - DAG(s) dict_keys(['zoho']) retrieved from /home/dakindre/airflow/dags/zoho.py
[2020-10-24 00:06:14,444] {scheduler_job.py:162} INFO - Processing /home/dakindre/airflow/dags/zoho.py took 0.053 seconds
[2020-10-24 00:07:06,475] {scheduler_job.py:154} INFO - Started process (PID=4980) to work on /home/dakindre/airflow/dags/zoho.py
[2020-10-24 00:07:06,480] {scheduler_job.py:1589} INFO - Processing file /home/dakindre/airflow/dags/zoho.py for tasks to queue
[2020-10-24 00:07:06,481] {logging_mixin.py:112} INFO - [2020-10-24 00:07:06,481] {dagbag.py:417} INFO - Filling up the DagBag from /home/dakindre/airflow/dags/zoho.py
[2020-10-24 00:07:06,489] {scheduler_job.py:1601} INFO - DAG(s) dict_keys(['zoho']) retrieved from /home/dakindre/airflow/dags/zoho.py
[2020-10-24 00:07:06,532] {scheduler_job.py:162} INFO - Processing /home/dakindre/airflow/dags/zoho.py took 0.058 seconds
[2020-10-24 00:07:58,569] {scheduler_job.py:154} INFO - Started process (PID=5015) to work on /home/dakindre/airflow/dags/zoho.py
[2020-10-24 00:07:58,571] {scheduler_job.py:1589} INFO - Processing file /home/dakindre/airflow/dags/zoho.py for tasks to queue
[2020-10-24 00:07:58,572] {logging_mixin.py:112} INFO - [2020-10-24 00:07:58,572] {dagbag.py:417} INFO - Filling up the DagBag from /home/dakindre/airflow/dags/zoho.py
[2020-10-24 00:07:58,577] {scheduler_job.py:1601} INFO - DAG(s) dict_keys(['zoho']) retrieved from /home/dakindre/airflow/dags/zoho.py
[2020-10-24 00:07:58,621] {scheduler_job.py:162} INFO - Processing /home/dakindre/airflow/dags/zoho.py took 0.052 seconds
[2020-10-24 00:08:50,615] {scheduler_job.py:154} INFO - Started process (PID=5042) to work on /home/dakindre/airflow/dags/zoho.py
[2020-10-24 00:08:50,620] {scheduler_job.py:1589} INFO - Processing file /home/dakindre/airflow/dags/zoho.py for tasks to queue
[2020-10-24 00:08:50,621] {logging_mixin.py:112} INFO - [2020-10-24 00:08:50,620] {dagbag.py:417} INFO - Filling up the DagBag from /home/dakindre/airflow/dags/zoho.py
[2020-10-24 00:08:50,628] {scheduler_job.py:1601} INFO - DAG(s) dict_keys(['zoho']) retrieved from /home/dakindre/airflow/dags/zoho.py
[2020-10-24 00:08:50,666] {scheduler_job.py:162} INFO - Processing /home/dakindre/airflow/dags/zoho.py took 0.051 seconds
[2020-10-24 00:09:42,696] {scheduler_job.py:154} INFO - Started process (PID=5070) to work on /home/dakindre/airflow/dags/zoho.py
[2020-10-24 00:09:42,701] {scheduler_job.py:1589} INFO - Processing file /home/dakindre/airflow/dags/zoho.py for tasks to queue
[2020-10-24 00:09:42,702] {logging_mixin.py:112} INFO - [2020-10-24 00:09:42,702] {dagbag.py:417} INFO - Filling up the DagBag from /home/dakindre/airflow/dags/zoho.py
[2020-10-24 00:09:42,708] {scheduler_job.py:1601} INFO - DAG(s) dict_keys(['zoho']) retrieved from /home/dakindre/airflow/dags/zoho.py
[2020-10-24 00:09:42,747] {scheduler_job.py:162} INFO - Processing /home/dakindre/airflow/dags/zoho.py took 0.051 seconds
[2020-10-24 00:10:34,791] {scheduler_job.py:154} INFO - Started process (PID=5098) to work on /home/dakindre/airflow/dags/zoho.py
[2020-10-24 00:10:34,793] {scheduler_job.py:1589} INFO - Processing file /home/dakindre/airflow/dags/zoho.py for tasks to queue
[2020-10-24 00:10:34,794] {logging_mixin.py:112} INFO - [2020-10-24 00:10:34,793] {dagbag.py:417} INFO - Filling up the DagBag from /home/dakindre/airflow/dags/zoho.py
[2020-10-24 00:10:34,798] {scheduler_job.py:1601} INFO - DAG(s) dict_keys(['zoho']) retrieved from /home/dakindre/airflow/dags/zoho.py
[2020-10-24 00:10:34,834] {scheduler_job.py:162} INFO - Processing /home/dakindre/airflow/dags/zoho.py took 0.043 seconds
[2020-10-24 00:11:26,841] {scheduler_job.py:154} INFO - Started process (PID=5125) to work on /home/dakindre/airflow/dags/zoho.py
[2020-10-24 00:11:26,845] {scheduler_job.py:1589} INFO - Processing file /home/dakindre/airflow/dags/zoho.py for tasks to queue
[2020-10-24 00:11:26,846] {logging_mixin.py:112} INFO - [2020-10-24 00:11:26,845] {dagbag.py:417} INFO - Filling up the DagBag from /home/dakindre/airflow/dags/zoho.py
[2020-10-24 00:11:26,852] {scheduler_job.py:1601} INFO - DAG(s) dict_keys(['zoho']) retrieved from /home/dakindre/airflow/dags/zoho.py
[2020-10-24 00:11:26,890] {scheduler_job.py:162} INFO - Processing /home/dakindre/airflow/dags/zoho.py took 0.050 seconds
[2020-10-24 00:12:18,914] {scheduler_job.py:154} INFO - Started process (PID=5153) to work on /home/dakindre/airflow/dags/zoho.py
[2020-10-24 00:12:18,919] {scheduler_job.py:1589} INFO - Processing file /home/dakindre/airflow/dags/zoho.py for tasks to queue
[2020-10-24 00:12:18,920] {logging_mixin.py:112} INFO - [2020-10-24 00:12:18,919] {dagbag.py:417} INFO - Filling up the DagBag from /home/dakindre/airflow/dags/zoho.py
[2020-10-24 00:12:18,927] {scheduler_job.py:1601} INFO - DAG(s) dict_keys(['zoho']) retrieved from /home/dakindre/airflow/dags/zoho.py
[2020-10-24 00:12:18,976] {scheduler_job.py:162} INFO - Processing /home/dakindre/airflow/dags/zoho.py took 0.062 seconds
[2020-10-24 00:13:11,028] {scheduler_job.py:154} INFO - Started process (PID=5181) to work on /home/dakindre/airflow/dags/zoho.py
[2020-10-24 00:13:11,031] {scheduler_job.py:1589} INFO - Processing file /home/dakindre/airflow/dags/zoho.py for tasks to queue
[2020-10-24 00:13:11,031] {logging_mixin.py:112} INFO - [2020-10-24 00:13:11,031] {dagbag.py:417} INFO - Filling up the DagBag from /home/dakindre/airflow/dags/zoho.py
[2020-10-24 00:13:11,037] {scheduler_job.py:1601} INFO - DAG(s) dict_keys(['zoho']) retrieved from /home/dakindre/airflow/dags/zoho.py
[2020-10-24 00:13:11,081] {scheduler_job.py:162} INFO - Processing /home/dakindre/airflow/dags/zoho.py took 0.053 seconds
[2020-10-24 00:14:03,072] {scheduler_job.py:154} INFO - Started process (PID=5209) to work on /home/dakindre/airflow/dags/zoho.py
[2020-10-24 00:14:03,076] {scheduler_job.py:1589} INFO - Processing file /home/dakindre/airflow/dags/zoho.py for tasks to queue
[2020-10-24 00:14:03,077] {logging_mixin.py:112} INFO - [2020-10-24 00:14:03,077] {dagbag.py:417} INFO - Filling up the DagBag from /home/dakindre/airflow/dags/zoho.py
[2020-10-24 00:14:03,084] {scheduler_job.py:1601} INFO - DAG(s) dict_keys(['zoho']) retrieved from /home/dakindre/airflow/dags/zoho.py
[2020-10-24 00:14:03,121] {scheduler_job.py:162} INFO - Processing /home/dakindre/airflow/dags/zoho.py took 0.049 seconds
[2020-10-24 00:14:55,149] {scheduler_job.py:154} INFO - Started process (PID=5236) to work on /home/dakindre/airflow/dags/zoho.py
[2020-10-24 00:14:55,154] {scheduler_job.py:1589} INFO - Processing file /home/dakindre/airflow/dags/zoho.py for tasks to queue
[2020-10-24 00:14:55,154] {logging_mixin.py:112} INFO - [2020-10-24 00:14:55,154] {dagbag.py:417} INFO - Filling up the DagBag from /home/dakindre/airflow/dags/zoho.py
[2020-10-24 00:14:55,160] {scheduler_job.py:1601} INFO - DAG(s) dict_keys(['zoho']) retrieved from /home/dakindre/airflow/dags/zoho.py
[2020-10-24 00:14:55,200] {scheduler_job.py:162} INFO - Processing /home/dakindre/airflow/dags/zoho.py took 0.051 seconds
[2020-10-24 00:15:47,274] {scheduler_job.py:154} INFO - Started process (PID=5264) to work on /home/dakindre/airflow/dags/zoho.py
[2020-10-24 00:15:47,278] {scheduler_job.py:1589} INFO - Processing file /home/dakindre/airflow/dags/zoho.py for tasks to queue
[2020-10-24 00:15:47,278] {logging_mixin.py:112} INFO - [2020-10-24 00:15:47,278] {dagbag.py:417} INFO - Filling up the DagBag from /home/dakindre/airflow/dags/zoho.py
[2020-10-24 00:15:47,286] {scheduler_job.py:1601} INFO - DAG(s) dict_keys(['zoho']) retrieved from /home/dakindre/airflow/dags/zoho.py
[2020-10-24 00:15:47,355] {scheduler_job.py:162} INFO - Processing /home/dakindre/airflow/dags/zoho.py took 0.081 seconds
[2020-10-24 00:16:39,299] {scheduler_job.py:154} INFO - Started process (PID=5292) to work on /home/dakindre/airflow/dags/zoho.py
[2020-10-24 00:16:39,303] {scheduler_job.py:1589} INFO - Processing file /home/dakindre/airflow/dags/zoho.py for tasks to queue
[2020-10-24 00:16:39,304] {logging_mixin.py:112} INFO - [2020-10-24 00:16:39,304] {dagbag.py:417} INFO - Filling up the DagBag from /home/dakindre/airflow/dags/zoho.py
[2020-10-24 00:16:39,310] {scheduler_job.py:1601} INFO - DAG(s) dict_keys(['zoho']) retrieved from /home/dakindre/airflow/dags/zoho.py
[2020-10-24 00:16:39,351] {scheduler_job.py:162} INFO - Processing /home/dakindre/airflow/dags/zoho.py took 0.052 seconds
[2020-10-24 00:17:31,366] {scheduler_job.py:154} INFO - Started process (PID=5319) to work on /home/dakindre/airflow/dags/zoho.py
[2020-10-24 00:17:31,370] {scheduler_job.py:1589} INFO - Processing file /home/dakindre/airflow/dags/zoho.py for tasks to queue
[2020-10-24 00:17:31,370] {logging_mixin.py:112} INFO - [2020-10-24 00:17:31,370] {dagbag.py:417} INFO - Filling up the DagBag from /home/dakindre/airflow/dags/zoho.py
[2020-10-24 00:17:31,376] {scheduler_job.py:1601} INFO - DAG(s) dict_keys(['zoho']) retrieved from /home/dakindre/airflow/dags/zoho.py
[2020-10-24 00:17:31,413] {scheduler_job.py:162} INFO - Processing /home/dakindre/airflow/dags/zoho.py took 0.047 seconds
[2020-10-24 00:18:23,473] {scheduler_job.py:154} INFO - Started process (PID=5347) to work on /home/dakindre/airflow/dags/zoho.py
[2020-10-24 00:18:23,481] {scheduler_job.py:1589} INFO - Processing file /home/dakindre/airflow/dags/zoho.py for tasks to queue
[2020-10-24 00:18:23,482] {logging_mixin.py:112} INFO - [2020-10-24 00:18:23,482] {dagbag.py:417} INFO - Filling up the DagBag from /home/dakindre/airflow/dags/zoho.py
[2020-10-24 00:18:23,495] {scheduler_job.py:1601} INFO - DAG(s) dict_keys(['zoho']) retrieved from /home/dakindre/airflow/dags/zoho.py
[2020-10-24 00:18:23,552] {scheduler_job.py:162} INFO - Processing /home/dakindre/airflow/dags/zoho.py took 0.079 seconds
[2020-10-24 00:19:15,499] {scheduler_job.py:154} INFO - Started process (PID=5375) to work on /home/dakindre/airflow/dags/zoho.py
[2020-10-24 00:19:15,502] {scheduler_job.py:1589} INFO - Processing file /home/dakindre/airflow/dags/zoho.py for tasks to queue
[2020-10-24 00:19:15,502] {logging_mixin.py:112} INFO - [2020-10-24 00:19:15,502] {dagbag.py:417} INFO - Filling up the DagBag from /home/dakindre/airflow/dags/zoho.py
[2020-10-24 00:19:15,507] {scheduler_job.py:1601} INFO - DAG(s) dict_keys(['zoho']) retrieved from /home/dakindre/airflow/dags/zoho.py
[2020-10-24 00:19:15,545] {scheduler_job.py:162} INFO - Processing /home/dakindre/airflow/dags/zoho.py took 0.046 seconds
[2020-10-24 00:20:07,587] {scheduler_job.py:154} INFO - Started process (PID=5461) to work on /home/dakindre/airflow/dags/zoho.py
[2020-10-24 00:20:07,592] {scheduler_job.py:1589} INFO - Processing file /home/dakindre/airflow/dags/zoho.py for tasks to queue
[2020-10-24 00:20:07,593] {logging_mixin.py:112} INFO - [2020-10-24 00:20:07,592] {dagbag.py:417} INFO - Filling up the DagBag from /home/dakindre/airflow/dags/zoho.py
[2020-10-24 00:20:07,600] {scheduler_job.py:1601} INFO - DAG(s) dict_keys(['zoho']) retrieved from /home/dakindre/airflow/dags/zoho.py
[2020-10-24 00:20:07,643] {scheduler_job.py:162} INFO - Processing /home/dakindre/airflow/dags/zoho.py took 0.056 seconds
[2020-10-24 00:20:59,673] {scheduler_job.py:154} INFO - Started process (PID=5562) to work on /home/dakindre/airflow/dags/zoho.py
[2020-10-24 00:20:59,676] {scheduler_job.py:1589} INFO - Processing file /home/dakindre/airflow/dags/zoho.py for tasks to queue
[2020-10-24 00:20:59,677] {logging_mixin.py:112} INFO - [2020-10-24 00:20:59,677] {dagbag.py:417} INFO - Filling up the DagBag from /home/dakindre/airflow/dags/zoho.py
[2020-10-24 00:20:59,684] {scheduler_job.py:1601} INFO - DAG(s) dict_keys(['zoho']) retrieved from /home/dakindre/airflow/dags/zoho.py
[2020-10-24 00:20:59,726] {scheduler_job.py:162} INFO - Processing /home/dakindre/airflow/dags/zoho.py took 0.054 seconds
[2020-10-24 00:21:51,709] {scheduler_job.py:154} INFO - Started process (PID=5618) to work on /home/dakindre/airflow/dags/zoho.py
[2020-10-24 00:21:51,720] {scheduler_job.py:1589} INFO - Processing file /home/dakindre/airflow/dags/zoho.py for tasks to queue
[2020-10-24 00:21:51,720] {logging_mixin.py:112} INFO - [2020-10-24 00:21:51,720] {dagbag.py:417} INFO - Filling up the DagBag from /home/dakindre/airflow/dags/zoho.py
[2020-10-24 00:21:51,726] {scheduler_job.py:1601} INFO - DAG(s) dict_keys(['zoho']) retrieved from /home/dakindre/airflow/dags/zoho.py
[2020-10-24 00:21:51,766] {scheduler_job.py:162} INFO - Processing /home/dakindre/airflow/dags/zoho.py took 0.056 seconds
[2020-10-24 00:22:43,790] {scheduler_job.py:154} INFO - Started process (PID=5660) to work on /home/dakindre/airflow/dags/zoho.py
[2020-10-24 00:22:43,795] {scheduler_job.py:1589} INFO - Processing file /home/dakindre/airflow/dags/zoho.py for tasks to queue
[2020-10-24 00:22:43,795] {logging_mixin.py:112} INFO - [2020-10-24 00:22:43,795] {dagbag.py:417} INFO - Filling up the DagBag from /home/dakindre/airflow/dags/zoho.py
[2020-10-24 00:22:43,803] {scheduler_job.py:1601} INFO - DAG(s) dict_keys(['zoho']) retrieved from /home/dakindre/airflow/dags/zoho.py
[2020-10-24 00:22:43,847] {scheduler_job.py:162} INFO - Processing /home/dakindre/airflow/dags/zoho.py took 0.057 seconds
[2020-10-24 00:23:35,883] {scheduler_job.py:154} INFO - Started process (PID=5758) to work on /home/dakindre/airflow/dags/zoho.py
[2020-10-24 00:23:35,885] {scheduler_job.py:1589} INFO - Processing file /home/dakindre/airflow/dags/zoho.py for tasks to queue
[2020-10-24 00:23:35,886] {logging_mixin.py:112} INFO - [2020-10-24 00:23:35,886] {dagbag.py:417} INFO - Filling up the DagBag from /home/dakindre/airflow/dags/zoho.py
[2020-10-24 00:23:35,891] {scheduler_job.py:1601} INFO - DAG(s) dict_keys(['zoho']) retrieved from /home/dakindre/airflow/dags/zoho.py
[2020-10-24 00:23:35,925] {scheduler_job.py:162} INFO - Processing /home/dakindre/airflow/dags/zoho.py took 0.043 seconds
[2020-10-24 00:24:27,906] {scheduler_job.py:154} INFO - Started process (PID=5793) to work on /home/dakindre/airflow/dags/zoho.py
[2020-10-24 00:24:27,910] {scheduler_job.py:1589} INFO - Processing file /home/dakindre/airflow/dags/zoho.py for tasks to queue
[2020-10-24 00:24:27,910] {logging_mixin.py:112} INFO - [2020-10-24 00:24:27,910] {dagbag.py:417} INFO - Filling up the DagBag from /home/dakindre/airflow/dags/zoho.py
[2020-10-24 00:24:27,923] {scheduler_job.py:1601} INFO - DAG(s) dict_keys(['zoho']) retrieved from /home/dakindre/airflow/dags/zoho.py
[2020-10-24 00:24:27,980] {scheduler_job.py:162} INFO - Processing /home/dakindre/airflow/dags/zoho.py took 0.074 seconds
[2020-10-24 00:25:19,993] {scheduler_job.py:154} INFO - Started process (PID=5821) to work on /home/dakindre/airflow/dags/zoho.py
[2020-10-24 00:25:19,998] {scheduler_job.py:1589} INFO - Processing file /home/dakindre/airflow/dags/zoho.py for tasks to queue
[2020-10-24 00:25:19,998] {logging_mixin.py:112} INFO - [2020-10-24 00:25:19,998] {dagbag.py:417} INFO - Filling up the DagBag from /home/dakindre/airflow/dags/zoho.py
[2020-10-24 00:25:20,005] {scheduler_job.py:1601} INFO - DAG(s) dict_keys(['zoho']) retrieved from /home/dakindre/airflow/dags/zoho.py
[2020-10-24 00:25:20,047] {scheduler_job.py:162} INFO - Processing /home/dakindre/airflow/dags/zoho.py took 0.053 seconds
[2020-10-24 00:26:12,099] {scheduler_job.py:154} INFO - Started process (PID=5848) to work on /home/dakindre/airflow/dags/zoho.py
[2020-10-24 00:26:12,102] {scheduler_job.py:1589} INFO - Processing file /home/dakindre/airflow/dags/zoho.py for tasks to queue
[2020-10-24 00:26:12,102] {logging_mixin.py:112} INFO - [2020-10-24 00:26:12,102] {dagbag.py:417} INFO - Filling up the DagBag from /home/dakindre/airflow/dags/zoho.py
[2020-10-24 00:26:12,107] {scheduler_job.py:1601} INFO - DAG(s) dict_keys(['zoho']) retrieved from /home/dakindre/airflow/dags/zoho.py
[2020-10-24 00:26:12,147] {scheduler_job.py:162} INFO - Processing /home/dakindre/airflow/dags/zoho.py took 0.048 seconds
[2020-10-24 00:27:04,137] {scheduler_job.py:154} INFO - Started process (PID=5911) to work on /home/dakindre/airflow/dags/zoho.py
[2020-10-24 00:27:04,141] {scheduler_job.py:1589} INFO - Processing file /home/dakindre/airflow/dags/zoho.py for tasks to queue
[2020-10-24 00:27:04,142] {logging_mixin.py:112} INFO - [2020-10-24 00:27:04,142] {dagbag.py:417} INFO - Filling up the DagBag from /home/dakindre/airflow/dags/zoho.py
[2020-10-24 00:27:04,150] {scheduler_job.py:1601} INFO - DAG(s) dict_keys(['zoho']) retrieved from /home/dakindre/airflow/dags/zoho.py
[2020-10-24 00:27:04,187] {scheduler_job.py:162} INFO - Processing /home/dakindre/airflow/dags/zoho.py took 0.051 seconds
[2020-10-24 00:27:56,189] {scheduler_job.py:154} INFO - Started process (PID=5945) to work on /home/dakindre/airflow/dags/zoho.py
[2020-10-24 00:27:56,192] {scheduler_job.py:1589} INFO - Processing file /home/dakindre/airflow/dags/zoho.py for tasks to queue
[2020-10-24 00:27:56,193] {logging_mixin.py:112} INFO - [2020-10-24 00:27:56,193] {dagbag.py:417} INFO - Filling up the DagBag from /home/dakindre/airflow/dags/zoho.py
[2020-10-24 00:27:56,204] {scheduler_job.py:1601} INFO - DAG(s) dict_keys(['zoho']) retrieved from /home/dakindre/airflow/dags/zoho.py
[2020-10-24 00:27:56,249] {scheduler_job.py:162} INFO - Processing /home/dakindre/airflow/dags/zoho.py took 0.060 seconds
[2020-10-24 00:28:48,310] {scheduler_job.py:154} INFO - Started process (PID=5973) to work on /home/dakindre/airflow/dags/zoho.py
[2020-10-24 00:28:48,317] {scheduler_job.py:1589} INFO - Processing file /home/dakindre/airflow/dags/zoho.py for tasks to queue
[2020-10-24 00:28:48,318] {logging_mixin.py:112} INFO - [2020-10-24 00:28:48,318] {dagbag.py:417} INFO - Filling up the DagBag from /home/dakindre/airflow/dags/zoho.py
[2020-10-24 00:28:48,328] {scheduler_job.py:1601} INFO - DAG(s) dict_keys(['zoho']) retrieved from /home/dakindre/airflow/dags/zoho.py
[2020-10-24 00:28:48,389] {scheduler_job.py:162} INFO - Processing /home/dakindre/airflow/dags/zoho.py took 0.079 seconds
[2020-10-24 00:29:40,349] {scheduler_job.py:154} INFO - Started process (PID=6000) to work on /home/dakindre/airflow/dags/zoho.py
[2020-10-24 00:29:40,354] {scheduler_job.py:1589} INFO - Processing file /home/dakindre/airflow/dags/zoho.py for tasks to queue
[2020-10-24 00:29:40,354] {logging_mixin.py:112} INFO - [2020-10-24 00:29:40,354] {dagbag.py:417} INFO - Filling up the DagBag from /home/dakindre/airflow/dags/zoho.py
[2020-10-24 00:29:40,362] {scheduler_job.py:1601} INFO - DAG(s) dict_keys(['zoho']) retrieved from /home/dakindre/airflow/dags/zoho.py
[2020-10-24 00:29:40,400] {scheduler_job.py:162} INFO - Processing /home/dakindre/airflow/dags/zoho.py took 0.051 seconds
[2020-10-24 00:30:32,433] {scheduler_job.py:154} INFO - Started process (PID=6028) to work on /home/dakindre/airflow/dags/zoho.py
[2020-10-24 00:30:32,438] {scheduler_job.py:1589} INFO - Processing file /home/dakindre/airflow/dags/zoho.py for tasks to queue
[2020-10-24 00:30:32,439] {logging_mixin.py:112} INFO - [2020-10-24 00:30:32,439] {dagbag.py:417} INFO - Filling up the DagBag from /home/dakindre/airflow/dags/zoho.py
[2020-10-24 00:30:32,450] {scheduler_job.py:1601} INFO - DAG(s) dict_keys(['zoho']) retrieved from /home/dakindre/airflow/dags/zoho.py
[2020-10-24 00:30:32,523] {scheduler_job.py:162} INFO - Processing /home/dakindre/airflow/dags/zoho.py took 0.090 seconds
[2020-10-24 00:31:24,507] {scheduler_job.py:154} INFO - Started process (PID=6056) to work on /home/dakindre/airflow/dags/zoho.py
[2020-10-24 00:31:24,510] {scheduler_job.py:1589} INFO - Processing file /home/dakindre/airflow/dags/zoho.py for tasks to queue
[2020-10-24 00:31:24,510] {logging_mixin.py:112} INFO - [2020-10-24 00:31:24,510] {dagbag.py:417} INFO - Filling up the DagBag from /home/dakindre/airflow/dags/zoho.py
[2020-10-24 00:31:24,515] {scheduler_job.py:1601} INFO - DAG(s) dict_keys(['zoho']) retrieved from /home/dakindre/airflow/dags/zoho.py
[2020-10-24 00:31:24,560] {scheduler_job.py:162} INFO - Processing /home/dakindre/airflow/dags/zoho.py took 0.053 seconds
[2020-10-24 00:32:16,565] {scheduler_job.py:154} INFO - Started process (PID=6093) to work on /home/dakindre/airflow/dags/zoho.py
[2020-10-24 00:32:16,569] {scheduler_job.py:1589} INFO - Processing file /home/dakindre/airflow/dags/zoho.py for tasks to queue
[2020-10-24 00:32:16,569] {logging_mixin.py:112} INFO - [2020-10-24 00:32:16,569] {dagbag.py:417} INFO - Filling up the DagBag from /home/dakindre/airflow/dags/zoho.py
[2020-10-24 00:32:16,576] {scheduler_job.py:1601} INFO - DAG(s) dict_keys(['zoho']) retrieved from /home/dakindre/airflow/dags/zoho.py
[2020-10-24 00:32:16,624] {scheduler_job.py:162} INFO - Processing /home/dakindre/airflow/dags/zoho.py took 0.059 seconds
[2020-10-24 00:33:08,620] {scheduler_job.py:154} INFO - Started process (PID=6143) to work on /home/dakindre/airflow/dags/zoho.py
[2020-10-24 00:33:08,627] {scheduler_job.py:1589} INFO - Processing file /home/dakindre/airflow/dags/zoho.py for tasks to queue
[2020-10-24 00:33:08,628] {logging_mixin.py:112} INFO - [2020-10-24 00:33:08,628] {dagbag.py:417} INFO - Filling up the DagBag from /home/dakindre/airflow/dags/zoho.py
[2020-10-24 00:33:08,635] {logging_mixin.py:112} INFO - [2020-10-24 00:33:08,634] {dagbag.py:259} ERROR - Failed to import: /home/dakindre/airflow/dags/zoho.py
Traceback (most recent call last):
  File "/home/dakindre/anaconda3/lib/python3.8/site-packages/airflow/models/dagbag.py", line 256, in process_file
    m = imp.load_source(mod_name, filepath)
  File "/home/dakindre/anaconda3/lib/python3.8/imp.py", line 171, in load_source
    module = _load(spec)
  File "<frozen importlib._bootstrap>", line 702, in _load
  File "<frozen importlib._bootstrap>", line 671, in _load_unlocked
  File "<frozen importlib._bootstrap_external>", line 783, in exec_module
  File "<frozen importlib._bootstrap>", line 219, in _call_with_frames_removed
  File "/home/dakindre/airflow/dags/zoho.py", line 93, in <module>
    run_this >> task
NameError: name 'run_this' is not defined
[2020-10-24 00:33:08,636] {scheduler_job.py:1603} WARNING - No viable dags retrieved from /home/dakindre/airflow/dags/zoho.py
[2020-10-24 00:33:08,686] {scheduler_job.py:162} INFO - Processing /home/dakindre/airflow/dags/zoho.py took 0.066 seconds
[2020-10-24 00:34:00,739] {scheduler_job.py:154} INFO - Started process (PID=6198) to work on /home/dakindre/airflow/dags/zoho.py
[2020-10-24 00:34:00,742] {scheduler_job.py:1589} INFO - Processing file /home/dakindre/airflow/dags/zoho.py for tasks to queue
[2020-10-24 00:34:00,742] {logging_mixin.py:112} INFO - [2020-10-24 00:34:00,742] {dagbag.py:417} INFO - Filling up the DagBag from /home/dakindre/airflow/dags/zoho.py
[2020-10-24 00:34:00,748] {logging_mixin.py:112} INFO - [2020-10-24 00:34:00,747] {dagbag.py:259} ERROR - Failed to import: /home/dakindre/airflow/dags/zoho.py
Traceback (most recent call last):
  File "/home/dakindre/anaconda3/lib/python3.8/site-packages/airflow/models/dagbag.py", line 256, in process_file
    m = imp.load_source(mod_name, filepath)
  File "/home/dakindre/anaconda3/lib/python3.8/imp.py", line 171, in load_source
    module = _load(spec)
  File "<frozen importlib._bootstrap>", line 702, in _load
  File "<frozen importlib._bootstrap>", line 671, in _load_unlocked
  File "<frozen importlib._bootstrap_external>", line 783, in exec_module
  File "<frozen importlib._bootstrap>", line 219, in _call_with_frames_removed
  File "/home/dakindre/airflow/dags/zoho.py", line 93, in <module>
    run_this >> task
NameError: name 'run_this' is not defined
[2020-10-24 00:34:00,748] {scheduler_job.py:1603} WARNING - No viable dags retrieved from /home/dakindre/airflow/dags/zoho.py
[2020-10-24 00:34:00,780] {scheduler_job.py:162} INFO - Processing /home/dakindre/airflow/dags/zoho.py took 0.040 seconds
[2020-10-24 00:34:52,753] {scheduler_job.py:154} INFO - Started process (PID=6226) to work on /home/dakindre/airflow/dags/zoho.py
[2020-10-24 00:34:52,756] {scheduler_job.py:1589} INFO - Processing file /home/dakindre/airflow/dags/zoho.py for tasks to queue
[2020-10-24 00:34:52,757] {logging_mixin.py:112} INFO - [2020-10-24 00:34:52,757] {dagbag.py:417} INFO - Filling up the DagBag from /home/dakindre/airflow/dags/zoho.py
[2020-10-24 00:34:52,764] {logging_mixin.py:112} INFO - [2020-10-24 00:34:52,763] {dagbag.py:259} ERROR - Failed to import: /home/dakindre/airflow/dags/zoho.py
Traceback (most recent call last):
  File "/home/dakindre/anaconda3/lib/python3.8/site-packages/airflow/models/dagbag.py", line 256, in process_file
    m = imp.load_source(mod_name, filepath)
  File "/home/dakindre/anaconda3/lib/python3.8/imp.py", line 171, in load_source
    module = _load(spec)
  File "<frozen importlib._bootstrap>", line 702, in _load
  File "<frozen importlib._bootstrap>", line 671, in _load_unlocked
  File "<frozen importlib._bootstrap_external>", line 783, in exec_module
  File "<frozen importlib._bootstrap>", line 219, in _call_with_frames_removed
  File "/home/dakindre/airflow/dags/zoho.py", line 93, in <module>
    run_this >> task
NameError: name 'run_this' is not defined
[2020-10-24 00:34:52,765] {scheduler_job.py:1603} WARNING - No viable dags retrieved from /home/dakindre/airflow/dags/zoho.py
[2020-10-24 00:34:52,796] {scheduler_job.py:162} INFO - Processing /home/dakindre/airflow/dags/zoho.py took 0.043 seconds
[2020-10-24 00:35:44,838] {scheduler_job.py:154} INFO - Started process (PID=6253) to work on /home/dakindre/airflow/dags/zoho.py
[2020-10-24 00:35:44,843] {scheduler_job.py:1589} INFO - Processing file /home/dakindre/airflow/dags/zoho.py for tasks to queue
[2020-10-24 00:35:44,843] {logging_mixin.py:112} INFO - [2020-10-24 00:35:44,843] {dagbag.py:417} INFO - Filling up the DagBag from /home/dakindre/airflow/dags/zoho.py
[2020-10-24 00:35:44,851] {logging_mixin.py:112} INFO - [2020-10-24 00:35:44,850] {dagbag.py:259} ERROR - Failed to import: /home/dakindre/airflow/dags/zoho.py
Traceback (most recent call last):
  File "/home/dakindre/anaconda3/lib/python3.8/site-packages/airflow/models/dagbag.py", line 256, in process_file
    m = imp.load_source(mod_name, filepath)
  File "/home/dakindre/anaconda3/lib/python3.8/imp.py", line 171, in load_source
    module = _load(spec)
  File "<frozen importlib._bootstrap>", line 702, in _load
  File "<frozen importlib._bootstrap>", line 671, in _load_unlocked
  File "<frozen importlib._bootstrap_external>", line 783, in exec_module
  File "<frozen importlib._bootstrap>", line 219, in _call_with_frames_removed
  File "/home/dakindre/airflow/dags/zoho.py", line 93, in <module>
    run_this >> task
NameError: name 'run_this' is not defined
[2020-10-24 00:35:44,852] {scheduler_job.py:1603} WARNING - No viable dags retrieved from /home/dakindre/airflow/dags/zoho.py
[2020-10-24 00:35:44,883] {scheduler_job.py:162} INFO - Processing /home/dakindre/airflow/dags/zoho.py took 0.045 seconds
[2020-10-24 00:36:36,938] {scheduler_job.py:154} INFO - Started process (PID=6281) to work on /home/dakindre/airflow/dags/zoho.py
[2020-10-24 00:36:36,941] {scheduler_job.py:1589} INFO - Processing file /home/dakindre/airflow/dags/zoho.py for tasks to queue
[2020-10-24 00:36:36,941] {logging_mixin.py:112} INFO - [2020-10-24 00:36:36,941] {dagbag.py:417} INFO - Filling up the DagBag from /home/dakindre/airflow/dags/zoho.py
[2020-10-24 00:36:36,948] {logging_mixin.py:112} INFO - [2020-10-24 00:36:36,947] {dagbag.py:259} ERROR - Failed to import: /home/dakindre/airflow/dags/zoho.py
Traceback (most recent call last):
  File "/home/dakindre/anaconda3/lib/python3.8/site-packages/airflow/models/dagbag.py", line 256, in process_file
    m = imp.load_source(mod_name, filepath)
  File "/home/dakindre/anaconda3/lib/python3.8/imp.py", line 171, in load_source
    module = _load(spec)
  File "<frozen importlib._bootstrap>", line 702, in _load
  File "<frozen importlib._bootstrap>", line 671, in _load_unlocked
  File "<frozen importlib._bootstrap_external>", line 783, in exec_module
  File "<frozen importlib._bootstrap>", line 219, in _call_with_frames_removed
  File "/home/dakindre/airflow/dags/zoho.py", line 93, in <module>
    run_this >> task
NameError: name 'run_this' is not defined
[2020-10-24 00:36:36,948] {scheduler_job.py:1603} WARNING - No viable dags retrieved from /home/dakindre/airflow/dags/zoho.py
[2020-10-24 00:36:36,975] {scheduler_job.py:162} INFO - Processing /home/dakindre/airflow/dags/zoho.py took 0.038 seconds
[2020-10-24 00:37:28,971] {scheduler_job.py:154} INFO - Started process (PID=6309) to work on /home/dakindre/airflow/dags/zoho.py
[2020-10-24 00:37:28,977] {scheduler_job.py:1589} INFO - Processing file /home/dakindre/airflow/dags/zoho.py for tasks to queue
[2020-10-24 00:37:28,980] {logging_mixin.py:112} INFO - [2020-10-24 00:37:28,979] {dagbag.py:417} INFO - Filling up the DagBag from /home/dakindre/airflow/dags/zoho.py
[2020-10-24 00:37:28,989] {logging_mixin.py:112} INFO - [2020-10-24 00:37:28,988] {dagbag.py:259} ERROR - Failed to import: /home/dakindre/airflow/dags/zoho.py
Traceback (most recent call last):
  File "/home/dakindre/anaconda3/lib/python3.8/site-packages/airflow/models/dagbag.py", line 256, in process_file
    m = imp.load_source(mod_name, filepath)
  File "/home/dakindre/anaconda3/lib/python3.8/imp.py", line 171, in load_source
    module = _load(spec)
  File "<frozen importlib._bootstrap>", line 702, in _load
  File "<frozen importlib._bootstrap>", line 671, in _load_unlocked
  File "<frozen importlib._bootstrap_external>", line 783, in exec_module
  File "<frozen importlib._bootstrap>", line 219, in _call_with_frames_removed
  File "/home/dakindre/airflow/dags/zoho.py", line 93, in <module>
    run_this >> task
NameError: name 'run_this' is not defined
[2020-10-24 00:37:28,989] {scheduler_job.py:1603} WARNING - No viable dags retrieved from /home/dakindre/airflow/dags/zoho.py
[2020-10-24 00:37:29,024] {scheduler_job.py:162} INFO - Processing /home/dakindre/airflow/dags/zoho.py took 0.052 seconds
[2020-10-24 00:38:21,034] {scheduler_job.py:154} INFO - Started process (PID=6336) to work on /home/dakindre/airflow/dags/zoho.py
[2020-10-24 00:38:21,040] {scheduler_job.py:1589} INFO - Processing file /home/dakindre/airflow/dags/zoho.py for tasks to queue
[2020-10-24 00:38:21,040] {logging_mixin.py:112} INFO - [2020-10-24 00:38:21,040] {dagbag.py:417} INFO - Filling up the DagBag from /home/dakindre/airflow/dags/zoho.py
[2020-10-24 00:38:21,046] {logging_mixin.py:112} INFO - [2020-10-24 00:38:21,045] {dagbag.py:259} ERROR - Failed to import: /home/dakindre/airflow/dags/zoho.py
Traceback (most recent call last):
  File "/home/dakindre/anaconda3/lib/python3.8/site-packages/airflow/models/dagbag.py", line 256, in process_file
    m = imp.load_source(mod_name, filepath)
  File "/home/dakindre/anaconda3/lib/python3.8/imp.py", line 171, in load_source
    module = _load(spec)
  File "<frozen importlib._bootstrap>", line 702, in _load
  File "<frozen importlib._bootstrap>", line 671, in _load_unlocked
  File "<frozen importlib._bootstrap_external>", line 783, in exec_module
  File "<frozen importlib._bootstrap>", line 219, in _call_with_frames_removed
  File "/home/dakindre/airflow/dags/zoho.py", line 93, in <module>
    run_this >> task
NameError: name 'run_this' is not defined
[2020-10-24 00:38:21,046] {scheduler_job.py:1603} WARNING - No viable dags retrieved from /home/dakindre/airflow/dags/zoho.py
[2020-10-24 00:38:21,084] {scheduler_job.py:162} INFO - Processing /home/dakindre/airflow/dags/zoho.py took 0.051 seconds
[2020-10-24 00:39:13,140] {scheduler_job.py:154} INFO - Started process (PID=6393) to work on /home/dakindre/airflow/dags/zoho.py
[2020-10-24 00:39:13,143] {scheduler_job.py:1589} INFO - Processing file /home/dakindre/airflow/dags/zoho.py for tasks to queue
[2020-10-24 00:39:13,143] {logging_mixin.py:112} INFO - [2020-10-24 00:39:13,143] {dagbag.py:417} INFO - Filling up the DagBag from /home/dakindre/airflow/dags/zoho.py
[2020-10-24 00:39:13,149] {scheduler_job.py:1601} INFO - DAG(s) dict_keys(['zoho']) retrieved from /home/dakindre/airflow/dags/zoho.py
[2020-10-24 00:39:13,212] {scheduler_job.py:162} INFO - Processing /home/dakindre/airflow/dags/zoho.py took 0.072 seconds
[2020-10-24 00:40:05,189] {scheduler_job.py:154} INFO - Started process (PID=6420) to work on /home/dakindre/airflow/dags/zoho.py
[2020-10-24 00:40:05,193] {scheduler_job.py:1589} INFO - Processing file /home/dakindre/airflow/dags/zoho.py for tasks to queue
[2020-10-24 00:40:05,194] {logging_mixin.py:112} INFO - [2020-10-24 00:40:05,194] {dagbag.py:417} INFO - Filling up the DagBag from /home/dakindre/airflow/dags/zoho.py
[2020-10-24 00:40:05,200] {scheduler_job.py:1601} INFO - DAG(s) dict_keys(['zoho']) retrieved from /home/dakindre/airflow/dags/zoho.py
[2020-10-24 00:40:05,241] {scheduler_job.py:162} INFO - Processing /home/dakindre/airflow/dags/zoho.py took 0.053 seconds
[2020-10-24 00:40:57,239] {scheduler_job.py:154} INFO - Started process (PID=6476) to work on /home/dakindre/airflow/dags/zoho.py
[2020-10-24 00:40:57,242] {scheduler_job.py:1589} INFO - Processing file /home/dakindre/airflow/dags/zoho.py for tasks to queue
[2020-10-24 00:40:57,243] {logging_mixin.py:112} INFO - [2020-10-24 00:40:57,242] {dagbag.py:417} INFO - Filling up the DagBag from /home/dakindre/airflow/dags/zoho.py
[2020-10-24 00:40:57,248] {scheduler_job.py:1601} INFO - DAG(s) dict_keys(['zoho']) retrieved from /home/dakindre/airflow/dags/zoho.py
[2020-10-24 00:40:57,289] {scheduler_job.py:162} INFO - Processing /home/dakindre/airflow/dags/zoho.py took 0.050 seconds
[2020-10-24 00:41:49,351] {scheduler_job.py:154} INFO - Started process (PID=6548) to work on /home/dakindre/airflow/dags/zoho.py
[2020-10-24 00:41:49,354] {scheduler_job.py:1589} INFO - Processing file /home/dakindre/airflow/dags/zoho.py for tasks to queue
[2020-10-24 00:41:49,355] {logging_mixin.py:112} INFO - [2020-10-24 00:41:49,355] {dagbag.py:417} INFO - Filling up the DagBag from /home/dakindre/airflow/dags/zoho.py
[2020-10-24 00:41:49,361] {scheduler_job.py:1601} INFO - DAG(s) dict_keys(['zoho']) retrieved from /home/dakindre/airflow/dags/zoho.py
[2020-10-24 00:41:49,409] {scheduler_job.py:162} INFO - Processing /home/dakindre/airflow/dags/zoho.py took 0.057 seconds
[2020-10-24 00:42:41,377] {scheduler_job.py:154} INFO - Started process (PID=6645) to work on /home/dakindre/airflow/dags/zoho.py
[2020-10-24 00:42:41,380] {scheduler_job.py:1589} INFO - Processing file /home/dakindre/airflow/dags/zoho.py for tasks to queue
[2020-10-24 00:42:41,381] {logging_mixin.py:112} INFO - [2020-10-24 00:42:41,381] {dagbag.py:417} INFO - Filling up the DagBag from /home/dakindre/airflow/dags/zoho.py
[2020-10-24 00:42:41,388] {scheduler_job.py:1601} INFO - DAG(s) dict_keys(['zoho']) retrieved from /home/dakindre/airflow/dags/zoho.py
[2020-10-24 00:42:41,432] {scheduler_job.py:162} INFO - Processing /home/dakindre/airflow/dags/zoho.py took 0.055 seconds
[2020-10-24 00:43:33,454] {scheduler_job.py:154} INFO - Started process (PID=6741) to work on /home/dakindre/airflow/dags/zoho.py
[2020-10-24 00:43:33,462] {scheduler_job.py:1589} INFO - Processing file /home/dakindre/airflow/dags/zoho.py for tasks to queue
[2020-10-24 00:43:33,463] {logging_mixin.py:112} INFO - [2020-10-24 00:43:33,463] {dagbag.py:417} INFO - Filling up the DagBag from /home/dakindre/airflow/dags/zoho.py
[2020-10-24 00:43:33,476] {scheduler_job.py:1601} INFO - DAG(s) dict_keys(['zoho']) retrieved from /home/dakindre/airflow/dags/zoho.py
[2020-10-24 00:43:33,575] {scheduler_job.py:162} INFO - Processing /home/dakindre/airflow/dags/zoho.py took 0.121 seconds
[2020-10-24 00:44:25,568] {scheduler_job.py:154} INFO - Started process (PID=6768) to work on /home/dakindre/airflow/dags/zoho.py
[2020-10-24 00:44:25,571] {scheduler_job.py:1589} INFO - Processing file /home/dakindre/airflow/dags/zoho.py for tasks to queue
[2020-10-24 00:44:25,572] {logging_mixin.py:112} INFO - [2020-10-24 00:44:25,572] {dagbag.py:417} INFO - Filling up the DagBag from /home/dakindre/airflow/dags/zoho.py
[2020-10-24 00:44:25,577] {scheduler_job.py:1601} INFO - DAG(s) dict_keys(['zoho']) retrieved from /home/dakindre/airflow/dags/zoho.py
[2020-10-24 00:44:25,615] {scheduler_job.py:162} INFO - Processing /home/dakindre/airflow/dags/zoho.py took 0.046 seconds
[2020-10-24 00:45:17,602] {scheduler_job.py:154} INFO - Started process (PID=6812) to work on /home/dakindre/airflow/dags/zoho.py
[2020-10-24 00:45:17,607] {scheduler_job.py:1589} INFO - Processing file /home/dakindre/airflow/dags/zoho.py for tasks to queue
[2020-10-24 00:45:17,607] {logging_mixin.py:112} INFO - [2020-10-24 00:45:17,607] {dagbag.py:417} INFO - Filling up the DagBag from /home/dakindre/airflow/dags/zoho.py
[2020-10-24 00:45:17,614] {scheduler_job.py:1601} INFO - DAG(s) dict_keys(['zoho']) retrieved from /home/dakindre/airflow/dags/zoho.py
[2020-10-24 00:45:17,653] {scheduler_job.py:162} INFO - Processing /home/dakindre/airflow/dags/zoho.py took 0.051 seconds
[2020-10-24 00:46:09,673] {scheduler_job.py:154} INFO - Started process (PID=6880) to work on /home/dakindre/airflow/dags/zoho.py
[2020-10-24 00:46:09,687] {scheduler_job.py:1589} INFO - Processing file /home/dakindre/airflow/dags/zoho.py for tasks to queue
[2020-10-24 00:46:09,689] {logging_mixin.py:112} INFO - [2020-10-24 00:46:09,689] {dagbag.py:417} INFO - Filling up the DagBag from /home/dakindre/airflow/dags/zoho.py
[2020-10-24 00:46:09,712] {scheduler_job.py:1601} INFO - DAG(s) dict_keys(['zoho']) retrieved from /home/dakindre/airflow/dags/zoho.py
[2020-10-24 00:46:09,924] {scheduler_job.py:162} INFO - Processing /home/dakindre/airflow/dags/zoho.py took 0.251 seconds
[2020-10-24 00:47:01,764] {scheduler_job.py:154} INFO - Started process (PID=6956) to work on /home/dakindre/airflow/dags/zoho.py
[2020-10-24 00:47:01,769] {scheduler_job.py:1589} INFO - Processing file /home/dakindre/airflow/dags/zoho.py for tasks to queue
[2020-10-24 00:47:01,770] {logging_mixin.py:112} INFO - [2020-10-24 00:47:01,769] {dagbag.py:417} INFO - Filling up the DagBag from /home/dakindre/airflow/dags/zoho.py
[2020-10-24 00:47:01,779] {scheduler_job.py:1601} INFO - DAG(s) dict_keys(['zoho']) retrieved from /home/dakindre/airflow/dags/zoho.py
[2020-10-24 00:47:01,817] {scheduler_job.py:162} INFO - Processing /home/dakindre/airflow/dags/zoho.py took 0.053 seconds
[2020-10-24 00:47:53,791] {scheduler_job.py:154} INFO - Started process (PID=6984) to work on /home/dakindre/airflow/dags/zoho.py
[2020-10-24 00:47:53,796] {scheduler_job.py:1589} INFO - Processing file /home/dakindre/airflow/dags/zoho.py for tasks to queue
[2020-10-24 00:47:53,796] {logging_mixin.py:112} INFO - [2020-10-24 00:47:53,796] {dagbag.py:417} INFO - Filling up the DagBag from /home/dakindre/airflow/dags/zoho.py
[2020-10-24 00:47:53,802] {scheduler_job.py:1601} INFO - DAG(s) dict_keys(['zoho']) retrieved from /home/dakindre/airflow/dags/zoho.py
[2020-10-24 00:47:53,841] {scheduler_job.py:162} INFO - Processing /home/dakindre/airflow/dags/zoho.py took 0.050 seconds
[2020-10-24 00:48:45,877] {scheduler_job.py:154} INFO - Started process (PID=7012) to work on /home/dakindre/airflow/dags/zoho.py
[2020-10-24 00:48:45,881] {scheduler_job.py:1589} INFO - Processing file /home/dakindre/airflow/dags/zoho.py for tasks to queue
[2020-10-24 00:48:45,882] {logging_mixin.py:112} INFO - [2020-10-24 00:48:45,881] {dagbag.py:417} INFO - Filling up the DagBag from /home/dakindre/airflow/dags/zoho.py
[2020-10-24 00:48:45,888] {scheduler_job.py:1601} INFO - DAG(s) dict_keys(['zoho']) retrieved from /home/dakindre/airflow/dags/zoho.py
[2020-10-24 00:48:45,929] {scheduler_job.py:162} INFO - Processing /home/dakindre/airflow/dags/zoho.py took 0.052 seconds
[2020-10-24 00:49:37,963] {scheduler_job.py:154} INFO - Started process (PID=7039) to work on /home/dakindre/airflow/dags/zoho.py
[2020-10-24 00:49:37,966] {scheduler_job.py:1589} INFO - Processing file /home/dakindre/airflow/dags/zoho.py for tasks to queue
[2020-10-24 00:49:37,966] {logging_mixin.py:112} INFO - [2020-10-24 00:49:37,966] {dagbag.py:417} INFO - Filling up the DagBag from /home/dakindre/airflow/dags/zoho.py
[2020-10-24 00:49:37,973] {scheduler_job.py:1601} INFO - DAG(s) dict_keys(['zoho']) retrieved from /home/dakindre/airflow/dags/zoho.py
[2020-10-24 00:49:38,014] {scheduler_job.py:162} INFO - Processing /home/dakindre/airflow/dags/zoho.py took 0.051 seconds
[2020-10-24 00:50:30,021] {scheduler_job.py:154} INFO - Started process (PID=7067) to work on /home/dakindre/airflow/dags/zoho.py
[2020-10-24 00:50:30,026] {scheduler_job.py:1589} INFO - Processing file /home/dakindre/airflow/dags/zoho.py for tasks to queue
[2020-10-24 00:50:30,026] {logging_mixin.py:112} INFO - [2020-10-24 00:50:30,026] {dagbag.py:417} INFO - Filling up the DagBag from /home/dakindre/airflow/dags/zoho.py
[2020-10-24 00:50:30,032] {scheduler_job.py:1601} INFO - DAG(s) dict_keys(['zoho']) retrieved from /home/dakindre/airflow/dags/zoho.py
[2020-10-24 00:50:30,075] {scheduler_job.py:162} INFO - Processing /home/dakindre/airflow/dags/zoho.py took 0.054 seconds
[2020-10-24 00:51:22,084] {scheduler_job.py:154} INFO - Started process (PID=7095) to work on /home/dakindre/airflow/dags/zoho.py
[2020-10-24 00:51:22,089] {scheduler_job.py:1589} INFO - Processing file /home/dakindre/airflow/dags/zoho.py for tasks to queue
[2020-10-24 00:51:22,090] {logging_mixin.py:112} INFO - [2020-10-24 00:51:22,089] {dagbag.py:417} INFO - Filling up the DagBag from /home/dakindre/airflow/dags/zoho.py
[2020-10-24 00:51:22,097] {scheduler_job.py:1601} INFO - DAG(s) dict_keys(['zoho']) retrieved from /home/dakindre/airflow/dags/zoho.py
[2020-10-24 00:51:22,137] {scheduler_job.py:162} INFO - Processing /home/dakindre/airflow/dags/zoho.py took 0.054 seconds
[2020-10-24 00:52:14,236] {scheduler_job.py:154} INFO - Started process (PID=7123) to work on /home/dakindre/airflow/dags/zoho.py
[2020-10-24 00:52:14,240] {scheduler_job.py:1589} INFO - Processing file /home/dakindre/airflow/dags/zoho.py for tasks to queue
[2020-10-24 00:52:14,241] {logging_mixin.py:112} INFO - [2020-10-24 00:52:14,240] {dagbag.py:417} INFO - Filling up the DagBag from /home/dakindre/airflow/dags/zoho.py
[2020-10-24 00:52:14,247] {scheduler_job.py:1601} INFO - DAG(s) dict_keys(['zoho']) retrieved from /home/dakindre/airflow/dags/zoho.py
[2020-10-24 00:52:14,289] {scheduler_job.py:162} INFO - Processing /home/dakindre/airflow/dags/zoho.py took 0.053 seconds
[2020-10-24 00:53:06,215] {scheduler_job.py:154} INFO - Started process (PID=7157) to work on /home/dakindre/airflow/dags/zoho.py
[2020-10-24 00:53:06,218] {scheduler_job.py:1589} INFO - Processing file /home/dakindre/airflow/dags/zoho.py for tasks to queue
[2020-10-24 00:53:06,219] {logging_mixin.py:112} INFO - [2020-10-24 00:53:06,219] {dagbag.py:417} INFO - Filling up the DagBag from /home/dakindre/airflow/dags/zoho.py
[2020-10-24 00:53:06,224] {scheduler_job.py:1601} INFO - DAG(s) dict_keys(['zoho']) retrieved from /home/dakindre/airflow/dags/zoho.py
[2020-10-24 00:53:06,263] {scheduler_job.py:162} INFO - Processing /home/dakindre/airflow/dags/zoho.py took 0.048 seconds
[2020-10-24 00:53:58,282] {scheduler_job.py:154} INFO - Started process (PID=7199) to work on /home/dakindre/airflow/dags/zoho.py
[2020-10-24 00:53:58,287] {scheduler_job.py:1589} INFO - Processing file /home/dakindre/airflow/dags/zoho.py for tasks to queue
[2020-10-24 00:53:58,287] {logging_mixin.py:112} INFO - [2020-10-24 00:53:58,287] {dagbag.py:417} INFO - Filling up the DagBag from /home/dakindre/airflow/dags/zoho.py
[2020-10-24 00:53:58,292] {scheduler_job.py:1601} INFO - DAG(s) dict_keys(['zoho']) retrieved from /home/dakindre/airflow/dags/zoho.py
[2020-10-24 00:53:58,330] {scheduler_job.py:162} INFO - Processing /home/dakindre/airflow/dags/zoho.py took 0.048 seconds
[2020-10-24 00:54:50,394] {scheduler_job.py:154} INFO - Started process (PID=7227) to work on /home/dakindre/airflow/dags/zoho.py
[2020-10-24 00:54:50,396] {scheduler_job.py:1589} INFO - Processing file /home/dakindre/airflow/dags/zoho.py for tasks to queue
[2020-10-24 00:54:50,397] {logging_mixin.py:112} INFO - [2020-10-24 00:54:50,397] {dagbag.py:417} INFO - Filling up the DagBag from /home/dakindre/airflow/dags/zoho.py
[2020-10-24 00:54:50,402] {scheduler_job.py:1601} INFO - DAG(s) dict_keys(['zoho']) retrieved from /home/dakindre/airflow/dags/zoho.py
[2020-10-24 00:54:50,441] {scheduler_job.py:162} INFO - Processing /home/dakindre/airflow/dags/zoho.py took 0.047 seconds
[2020-10-24 00:55:42,425] {scheduler_job.py:154} INFO - Started process (PID=7254) to work on /home/dakindre/airflow/dags/zoho.py
[2020-10-24 00:55:42,430] {scheduler_job.py:1589} INFO - Processing file /home/dakindre/airflow/dags/zoho.py for tasks to queue
[2020-10-24 00:55:42,430] {logging_mixin.py:112} INFO - [2020-10-24 00:55:42,430] {dagbag.py:417} INFO - Filling up the DagBag from /home/dakindre/airflow/dags/zoho.py
[2020-10-24 00:55:42,435] {scheduler_job.py:1601} INFO - DAG(s) dict_keys(['zoho']) retrieved from /home/dakindre/airflow/dags/zoho.py
[2020-10-24 00:55:42,477] {scheduler_job.py:162} INFO - Processing /home/dakindre/airflow/dags/zoho.py took 0.052 seconds
[2020-10-24 00:56:34,494] {scheduler_job.py:154} INFO - Started process (PID=7350) to work on /home/dakindre/airflow/dags/zoho.py
[2020-10-24 00:56:34,497] {scheduler_job.py:1589} INFO - Processing file /home/dakindre/airflow/dags/zoho.py for tasks to queue
[2020-10-24 00:56:34,497] {logging_mixin.py:112} INFO - [2020-10-24 00:56:34,497] {dagbag.py:417} INFO - Filling up the DagBag from /home/dakindre/airflow/dags/zoho.py
[2020-10-24 00:56:34,503] {scheduler_job.py:1601} INFO - DAG(s) dict_keys(['zoho']) retrieved from /home/dakindre/airflow/dags/zoho.py
[2020-10-24 00:56:34,546] {scheduler_job.py:162} INFO - Processing /home/dakindre/airflow/dags/zoho.py took 0.052 seconds
[2020-10-24 00:57:26,603] {scheduler_job.py:154} INFO - Started process (PID=7453) to work on /home/dakindre/airflow/dags/zoho.py
[2020-10-24 00:57:26,606] {scheduler_job.py:1589} INFO - Processing file /home/dakindre/airflow/dags/zoho.py for tasks to queue
[2020-10-24 00:57:26,606] {logging_mixin.py:112} INFO - [2020-10-24 00:57:26,606] {dagbag.py:417} INFO - Filling up the DagBag from /home/dakindre/airflow/dags/zoho.py
[2020-10-24 00:57:26,613] {scheduler_job.py:1601} INFO - DAG(s) dict_keys(['zoho']) retrieved from /home/dakindre/airflow/dags/zoho.py
[2020-10-24 00:57:26,690] {scheduler_job.py:162} INFO - Processing /home/dakindre/airflow/dags/zoho.py took 0.087 seconds
[2020-10-24 00:58:18,638] {scheduler_job.py:154} INFO - Started process (PID=7524) to work on /home/dakindre/airflow/dags/zoho.py
[2020-10-24 00:58:18,642] {scheduler_job.py:1589} INFO - Processing file /home/dakindre/airflow/dags/zoho.py for tasks to queue
[2020-10-24 00:58:18,642] {logging_mixin.py:112} INFO - [2020-10-24 00:58:18,642] {dagbag.py:417} INFO - Filling up the DagBag from /home/dakindre/airflow/dags/zoho.py
[2020-10-24 00:58:18,650] {scheduler_job.py:1601} INFO - DAG(s) dict_keys(['zoho']) retrieved from /home/dakindre/airflow/dags/zoho.py
[2020-10-24 00:58:18,692] {scheduler_job.py:162} INFO - Processing /home/dakindre/airflow/dags/zoho.py took 0.055 seconds
[2020-10-24 00:59:10,719] {scheduler_job.py:154} INFO - Started process (PID=7552) to work on /home/dakindre/airflow/dags/zoho.py
[2020-10-24 00:59:10,724] {scheduler_job.py:1589} INFO - Processing file /home/dakindre/airflow/dags/zoho.py for tasks to queue
[2020-10-24 00:59:10,724] {logging_mixin.py:112} INFO - [2020-10-24 00:59:10,724] {dagbag.py:417} INFO - Filling up the DagBag from /home/dakindre/airflow/dags/zoho.py
[2020-10-24 00:59:10,730] {scheduler_job.py:1601} INFO - DAG(s) dict_keys(['zoho']) retrieved from /home/dakindre/airflow/dags/zoho.py
[2020-10-24 00:59:10,768] {scheduler_job.py:162} INFO - Processing /home/dakindre/airflow/dags/zoho.py took 0.049 seconds
[2020-10-24 01:00:02,794] {scheduler_job.py:154} INFO - Started process (PID=7659) to work on /home/dakindre/airflow/dags/zoho.py
[2020-10-24 01:00:02,796] {scheduler_job.py:1589} INFO - Processing file /home/dakindre/airflow/dags/zoho.py for tasks to queue
[2020-10-24 01:00:02,797] {logging_mixin.py:112} INFO - [2020-10-24 01:00:02,797] {dagbag.py:417} INFO - Filling up the DagBag from /home/dakindre/airflow/dags/zoho.py
[2020-10-24 01:00:02,802] {scheduler_job.py:1601} INFO - DAG(s) dict_keys(['zoho']) retrieved from /home/dakindre/airflow/dags/zoho.py
[2020-10-24 01:00:02,843] {scheduler_job.py:162} INFO - Processing /home/dakindre/airflow/dags/zoho.py took 0.049 seconds
[2020-10-24 01:00:54,835] {scheduler_job.py:154} INFO - Started process (PID=7771) to work on /home/dakindre/airflow/dags/zoho.py
[2020-10-24 01:00:54,841] {scheduler_job.py:1589} INFO - Processing file /home/dakindre/airflow/dags/zoho.py for tasks to queue
[2020-10-24 01:00:54,843] {logging_mixin.py:112} INFO - [2020-10-24 01:00:54,843] {dagbag.py:417} INFO - Filling up the DagBag from /home/dakindre/airflow/dags/zoho.py
[2020-10-24 01:00:54,851] {scheduler_job.py:1601} INFO - DAG(s) dict_keys(['zoho']) retrieved from /home/dakindre/airflow/dags/zoho.py
[2020-10-24 01:00:54,896] {scheduler_job.py:162} INFO - Processing /home/dakindre/airflow/dags/zoho.py took 0.062 seconds
